[22:15:10] [main/INFO] (FabricLoader/GameProvider) Loading Minecraft 1.21 with Fabric Loader 0.15.11
[22:15:10] [main/INFO] (FabricLoader) Loading 56 mods:
	- coppergenerators 1.0.0
	- coppernetworks 1.2.3
	- fabric-api 0.102.0+1.21
	- fabric-api-base 0.4.42+6573ed8cd1
	- fabric-api-lookup-api-v1 1.6.68+b5597344d1
	- fabric-biome-api-v1 13.0.29+5bd9f1bcd1
	- fabric-block-api-v1 1.0.22+0af3f5a7d1
	- fabric-block-view-api-v2 1.0.10+6573ed8cd1
	- fabric-blockrenderlayer-v1 1.1.52+0af3f5a7d1
	- fabric-client-tags-api-v1 1.1.15+6573ed8cd1
	- fabric-command-api-v1 1.2.49+f71b366fd1
	- fabric-command-api-v2 2.2.28+6ced4dd9d1
	- fabric-commands-v0 0.2.66+df3654b3d1
	- fabric-content-registries-v0 8.0.16+b5597344d1
	- fabric-convention-tags-v1 2.0.19+7f945d5bd1
	- fabric-convention-tags-v2 2.5.0+c5e2b5c6d1
	- fabric-crash-report-info-v1 0.2.29+0af3f5a7d1
	- fabric-data-attachment-api-v1 1.1.27+6a6dfa19d1
	- fabric-data-generation-api-v1 20.2.16+16c4ae25d1
	- fabric-dimensions-v1 4.0.0+6fc22b99d1
	- fabric-entity-events-v1 1.6.12+6fc22b99d1
	- fabric-events-interaction-v0 0.7.12+ba9dae06d1
	- fabric-game-rule-api-v1 1.0.53+6ced4dd9d1
	- fabric-gametest-api-v1 2.0.4+6fc22b99d1
	- fabric-item-api-v1 11.0.0+afdfc921d1
	- fabric-item-group-api-v1 4.1.4+78017270d1
	- fabric-key-binding-api-v1 1.0.47+0af3f5a7d1
	- fabric-keybindings-v0 0.2.45+df3654b3d1
	- fabric-lifecycle-events-v1 2.3.12+6c1df360d1
	- fabric-loot-api-v2 3.0.14+3f89f5a5d1
	- fabric-loot-api-v3 1.0.2+3f89f5a5d1
	- fabric-message-api-v1 6.0.13+6573ed8cd1
	- fabric-model-loading-api-v1 2.0.0+fe474d6bd1
	- fabric-networking-api-v1 4.2.2+60c3209bd1
	- fabric-object-builder-api-v1 15.2.0+a551f7a4d1
	- fabric-particles-v1 4.0.2+6573ed8cd1
	- fabric-recipe-api-v1 5.0.12+65089712d1
	- fabric-registry-sync-v0 5.1.2+60c3209bd1
	- fabric-renderer-api-v1 3.4.0+c705a49cd1
	- fabric-renderer-indigo 1.7.0+c705a49cd1
	- fabric-renderer-registries-v1 3.2.68+df3654b3d1
	- fabric-rendering-data-attachment-v1 0.3.48+73761d2ed1
	- fabric-rendering-fluids-v1 3.1.6+b5597344d1
	- fabric-rendering-v0 1.1.71+df3654b3d1
	- fabric-rendering-v1 5.0.5+df16efd0d1
	- fabric-resource-conditions-api-v1 4.3.0+8dc279b1d1
	- fabric-resource-loader-v0 1.3.0+56599129d1
	- fabric-screen-api-v1 2.0.24+b5597344d1
	- fabric-screen-handler-api-v1 1.3.86+b5597344d1
	- fabric-sound-api-v1 1.0.23+6573ed8cd1
	- fabric-transfer-api-v1 5.1.16+3dccd343d1
	- fabric-transitive-access-wideners-v1 6.1.0+176f9036d1
	- fabricloader 0.15.11
	- java 21
	- minecraft 1.21
	- mixinextras 0.3.5
[22:15:11] [main/INFO] (FabricLoader/Mixin) SpongePowered MIXIN Subsystem Version=0.8.5 Source=file:/C:/Users/wills/.gradle/caches/modules-2/files-2.1/net.fabricmc/sponge-mixin/0.13.3+mixin.0.8.5/9527e6b0d2449408958fd1302594dc65ec5ade9c/sponge-mixin-0.13.3+mixin.0.8.5.jar Service=Knot/Fabric Env=CLIENT
[22:15:11] [main/INFO] (FabricLoader/Mixin) Loaded Fabric development mappings for mixin remapper!
[22:15:11] [main/INFO] (FabricLoader/Mixin) Compatibility level set to JAVA_17
[22:15:11] [main/INFO] (FabricLoader/Mixin) Compatibility level set to JAVA_21
[22:15:12] [main/INFO] (FabricLoader/MixinExtras|Service) Initializing MixinExtras via com.llamalad7.mixinextras.service.MixinExtrasServiceImpl(version=0.3.5).
[22:15:13] [Datafixer Bootstrap/INFO] (Minecraft) 226 Datafixer optimizations took 367 milliseconds
[22:15:19] [Render thread/INFO] (Minecraft) Environment: Environment[sessionHost=https://sessionserver.mojang.com, servicesHost=https://api.minecraftservices.com, name=PROD]
[22:15:19] [Render thread/INFO] (Minecraft) Setting user: Player915
[22:15:19] [Render thread/INFO] (copperutilities) Initialising copperutilities.
[22:15:19] [Render thread/INFO] (copperutilities) initialising blocks
[22:15:19] [Render thread/INFO] (copperutilities) block entities registered
[22:15:19] [Render thread/INFO] (coppernetworks) Initiating components for Item Access
[22:15:19] [Render thread/INFO] (coppernetworks) Copper shall now attempt to network.
[22:15:19] [Render thread/INFO] (coppernetworks) Registering the block forcoppernetworks
[22:15:20] [Render thread/INFO] (Indigo) [Indigo] Registering Indigo renderer!
[22:15:20] [Render thread/INFO] (Minecraft) Backend library: LWJGL version 3.3.3-snapshot
[22:15:21] [Render thread/INFO] (Minecraft) Reloading ResourceManager: vanilla, fabric, coppergenerators, coppernetworks, fabric-api, fabric-api-base, fabric-api-lookup-api-v1, fabric-biome-api-v1, fabric-block-api-v1, fabric-block-view-api-v2, fabric-blockrenderlayer-v1, fabric-client-tags-api-v1, fabric-command-api-v1, fabric-command-api-v2, fabric-commands-v0, fabric-content-registries-v0, fabric-convention-tags-v1, fabric-convention-tags-v2, fabric-crash-report-info-v1, fabric-data-attachment-api-v1, fabric-data-generation-api-v1, fabric-dimensions-v1, fabric-entity-events-v1, fabric-events-interaction-v0, fabric-game-rule-api-v1, fabric-gametest-api-v1, fabric-item-api-v1, fabric-item-group-api-v1, fabric-key-binding-api-v1, fabric-keybindings-v0, fabric-lifecycle-events-v1, fabric-loot-api-v2, fabric-loot-api-v3, fabric-message-api-v1, fabric-model-loading-api-v1, fabric-networking-api-v1, fabric-object-builder-api-v1, fabric-particles-v1, fabric-recipe-api-v1, fabric-registry-sync-v0, fabric-renderer-api-v1, fabric-renderer-indigo, fabric-renderer-registries-v1, fabric-rendering-data-attachment-v1, fabric-rendering-fluids-v1, fabric-rendering-v0, fabric-rendering-v1, fabric-resource-conditions-api-v1, fabric-resource-loader-v0, fabric-screen-api-v1, fabric-screen-handler-api-v1, fabric-sound-api-v1, fabric-transfer-api-v1, fabric-transitive-access-wideners-v1, fabricloader
[22:15:22] [Worker-Main-13/INFO] (Minecraft) Found unifont_all_no_pua-15.1.05.hex, loading
[22:15:22] [Worker-Main-9/INFO] (Minecraft) Found unifont_jp_patch-15.1.05.hex, loading
[22:15:22] [Worker-Main-5/WARN] (Minecraft) Unable to load model: 'coppergenerators:block/solar_generator' referenced from: coppergenerators:block/solar_generator: java.io.FileNotFoundException: coppergenerators:models/block/solar_generator.json
[22:15:22] [Worker-Main-5/WARN] (Minecraft) Unable to load model: 'coppergenerators:block/thermophotovoltaic_generator' referenced from: coppergenerators:block/thermophotovoltaic_generator: java.io.FileNotFoundException: coppergenerators:models/block/thermophotovoltaic_generator.json
[22:15:22] [Worker-Main-5/WARN] (Minecraft) Unable to load model: 'coppergenerators:block/passive_void_generator' referenced from: coppergenerators:block/passive_void_generator: java.io.FileNotFoundException: coppergenerators:models/block/passive_void_generator.json
[22:15:22] [Worker-Main-5/WARN] (Minecraft) Unable to load model: 'coppergenerators:block/copperfied_sculk_catalyst' referenced from: coppergenerators:block/copperfied_sculk_catalyst: java.io.FileNotFoundException: coppergenerators:models/block/copperfied_sculk_catalyst.json
[22:15:22] [Worker-Main-5/WARN] (Minecraft) Unable to load model: 'copperutilities:item/rodoflightning' referenced from: copperutilities:item/rodoflightning: java.io.FileNotFoundException: copperutilities:models/item/rodoflightning.json
[22:15:22] [Worker-Main-5/WARN] (Minecraft) Unable to load model: 'copperutilities:item/copper_chestplate' referenced from: copperutilities:item/copper_chestplate: java.io.FileNotFoundException: copperutilities:models/item/copper_chestplate.json
[22:15:22] [Worker-Main-5/WARN] (Minecraft) Unable to load model: 'copperutilities:item/copper_leggings' referenced from: copperutilities:item/copper_leggings: java.io.FileNotFoundException: copperutilities:models/item/copper_leggings.json
[22:15:22] [Worker-Main-5/WARN] (Minecraft) Unable to load model: 'copperutilities:item/copper_helmet' referenced from: copperutilities:item/copper_helmet: java.io.FileNotFoundException: copperutilities:models/item/copper_helmet.json
[22:15:22] [Worker-Main-5/WARN] (Minecraft) Unable to load model: 'copperutilities:item/copper_boots' referenced from: copperutilities:item/copper_boots: java.io.FileNotFoundException: copperutilities:models/item/copper_boots.json
[22:15:23] [Render thread/WARN] (Minecraft) Missing sound for event: minecraft:item.goat_horn.play
[22:15:23] [Render thread/WARN] (Minecraft) Missing sound for event: minecraft:entity.goat.screaming.horn_break
[22:15:23] [Render thread/INFO] (Minecraft) OpenAL initialized on device OpenAL Soft on Headphones (3- High Definition Audio Device)
[22:15:23] [Render thread/INFO] (Minecraft) Sound engine started
[22:15:23] [Render thread/INFO] (Minecraft) Created: 1024x512x4 minecraft:textures/atlas/blocks.png-atlas
[22:15:23] [Render thread/INFO] (Minecraft) Created: 256x256x4 minecraft:textures/atlas/signs.png-atlas
[22:15:23] [Render thread/INFO] (Minecraft) Created: 512x512x4 minecraft:textures/atlas/shield_patterns.png-atlas
[22:15:23] [Render thread/INFO] (Minecraft) Created: 512x512x4 minecraft:textures/atlas/banner_patterns.png-atlas
[22:15:23] [Render thread/INFO] (Minecraft) Created: 1024x1024x4 minecraft:textures/atlas/armor_trims.png-atlas
[22:15:23] [Render thread/INFO] (Minecraft) Created: 128x64x4 minecraft:textures/atlas/decorated_pot.png-atlas
[22:15:23] [Render thread/INFO] (Minecraft) Created: 256x256x4 minecraft:textures/atlas/chest.png-atlas
[22:15:23] [Render thread/INFO] (Minecraft) Created: 512x256x4 minecraft:textures/atlas/shulker_boxes.png-atlas
[22:15:23] [Render thread/INFO] (Minecraft) Created: 512x256x4 minecraft:textures/atlas/beds.png-atlas
[22:15:23] [Render thread/INFO] (Minecraft) Created: 512x256x0 minecraft:textures/atlas/particles.png-atlas
[22:15:23] [Render thread/INFO] (Minecraft) Created: 512x256x0 minecraft:textures/atlas/paintings.png-atlas
[22:15:23] [Render thread/INFO] (Minecraft) Created: 256x128x0 minecraft:textures/atlas/mob_effects.png-atlas
[22:15:23] [Render thread/INFO] (Minecraft) Created: 64x64x0 minecraft:textures/atlas/map_decorations.png-atlas
[22:15:23] [Render thread/INFO] (Minecraft) Created: 1024x512x0 minecraft:textures/atlas/gui.png-atlas
[22:15:23] [Render thread/WARN] (Minecraft) Shader rendertype_entity_translucent_emissive could not find sampler named Sampler2 in the specified shader program.
[22:15:43] [Render thread/INFO] (Minecraft) Loaded 1295 recipes
[22:15:43] [Render thread/INFO] (Minecraft) Loaded 1399 advancements
[22:15:44] [Render thread/INFO] (BiomeModificationImpl) Applied 0 biome modifications to 0 of 64 new biomes in 1.899 ms
[22:15:44] [Server thread/INFO] (Minecraft) Starting integrated minecraft server version 1.21
[22:15:44] [Server thread/INFO] (Minecraft) Generating keypair
[22:15:44] [Server thread/INFO] (Minecraft) Preparing start region for dimension minecraft:overworld
[22:15:45] [Server thread/INFO] (Minecraft) Changing view distance to 12, from 10
[22:15:45] [Server thread/INFO] (Minecraft) Changing simulation distance to 12, from 0
[22:15:50] [Render thread/INFO] (Minecraft) Time elapsed: 0 ms
[22:15:51] [Server thread/INFO] (Minecraft) Player915[local:E:464595d6] logged in with entity id 18 at (-285.05944279179596, 71.0, 117.22213820066293)
[22:15:51] [Server thread/INFO] (Minecraft) Player915 joined the game
[22:15:51] [Server thread/INFO] (copperutilities) 1 copperutilities:copper_leggings
[22:15:51] [Server thread/ERROR] (Minecraft) Encountered an unexpected exception
net.minecraft.util.crash.CrashException: Ticking player
	at net.minecraft.server.ServerNetworkIo.tick(ServerNetworkIo.java:179) ~[minecraft-common-c2b31d572c-1.21-net.fabricmc.yarn.1_21.1.21+build.9-v2.jar:?]
	at net.minecraft.server.MinecraftServer.tickWorlds(MinecraftServer.java:1032) ~[minecraft-common-c2b31d572c-1.21-net.fabricmc.yarn.1_21.1.21+build.9-v2.jar:?]
	at net.minecraft.server.MinecraftServer.tick(MinecraftServer.java:912) ~[minecraft-common-c2b31d572c-1.21-net.fabricmc.yarn.1_21.1.21+build.9-v2.jar:?]
	at net.minecraft.server.integrated.IntegratedServer.tick(IntegratedServer.java:106) ~[minecraft-clientOnly-c2b31d572c-1.21-net.fabricmc.yarn.1_21.1.21+build.9-v2.jar:?]
	at net.minecraft.server.MinecraftServer.runServer(MinecraftServer.java:697) ~[minecraft-common-c2b31d572c-1.21-net.fabricmc.yarn.1_21.1.21+build.9-v2.jar:?]
	at net.minecraft.server.MinecraftServer.method_29739(MinecraftServer.java:281) ~[minecraft-common-c2b31d572c-1.21-net.fabricmc.yarn.1_21.1.21+build.9-v2.jar:?]
	at java.base/java.lang.Thread.run(Thread.java:1583) [?:?]
Caused by: java.lang.NullPointerException: Cannot invoke "Object.toString()" because the return value of "net.minecraft.item.ItemStack.get(net.minecraft.component.ComponentType)" is null
	at entity0.copperutilities.item.armour.copperLeggings.copperNetworkAPI(copperLeggings.java:62) ~[main/:?]
	at entity0.copperutilities.item.armour.copperLeggings.inventoryTick(copperLeggings.java:44) ~[main/:?]
	at net.minecraft.item.ItemStack.inventoryTick(ItemStack.java:652) ~[minecraft-common-c2b31d572c-1.21-net.fabricmc.yarn.1_21.1.21+build.9-v2.jar:?]
	at net.minecraft.entity.player.PlayerInventory.updateItems(PlayerInventory.java:242) ~[minecraft-common-c2b31d572c-1.21-net.fabricmc.yarn.1_21.1.21+build.9-v2.jar:?]
	at net.minecraft.entity.player.PlayerEntity.tickMovement(PlayerEntity.java:596) ~[minecraft-common-c2b31d572c-1.21-net.fabricmc.yarn.1_21.1.21+build.9-v2.jar:?]
	at net.minecraft.entity.LivingEntity.tick(LivingEntity.java:2507) ~[minecraft-common-c2b31d572c-1.21-net.fabricmc.yarn.1_21.1.21+build.9-v2.jar:?]
	at net.minecraft.entity.player.PlayerEntity.tick(PlayerEntity.java:312) ~[minecraft-common-c2b31d572c-1.21-net.fabricmc.yarn.1_21.1.21+build.9-v2.jar:?]
	at net.minecraft.server.network.ServerPlayerEntity.playerTick(ServerPlayerEntity.java:588) ~[minecraft-common-c2b31d572c-1.21-net.fabricmc.yarn.1_21.1.21+build.9-v2.jar:?]
	at net.minecraft.server.network.ServerPlayNetworkHandler.tick(ServerPlayNetworkHandler.java:268) ~[minecraft-common-c2b31d572c-1.21-net.fabricmc.yarn.1_21.1.21+build.9-v2.jar:?]
	at net.minecraft.network.ClientConnection.tick(ClientConnection.java:401) ~[minecraft-common-c2b31d572c-1.21-net.fabricmc.yarn.1_21.1.21+build.9-v2.jar:?]
	at net.minecraft.server.ServerNetworkIo.tick(ServerNetworkIo.java:176) ~[minecraft-common-c2b31d572c-1.21-net.fabricmc.yarn.1_21.1.21+build.9-v2.jar:?]
	... 6 more
[22:15:51] [Server thread/ERROR] (Minecraft) This crash report has been saved to: C:\Users\wills\Desktop\mod dev projects\other copper mods based on the API\copperutillities\run\crash-reports\crash-2024-08-24_22.15.51-server.txt
[22:15:51] [Server thread/INFO] (Minecraft) Stopping server
[22:15:51] [Server thread/INFO] (Minecraft) Saving players
[22:15:51] [Server thread/INFO] (Minecraft) Saving worlds
